Aug 13, 2016 4:48:47 PM org.apache.catalina.core.ApplicationContext log
INFO: ContextListener: contextInitialized()
Aug 13, 2016 4:48:47 PM org.apache.catalina.core.ApplicationContext log
INFO: SessionListener: contextInitialized()
Aug 13, 2016 4:48:47 PM org.apache.catalina.core.ApplicationContext log
INFO: ContextListener: attributeAdded('org.apache.jasper.compiler.TldLocationsCache', 'org.apache.jasper.compiler.TldLocationsCache@46c1b185')
Aug 13, 2016 4:49:39 PM org.apache.catalina.core.ApplicationContext log
INFO: ContextListener: contextInitialized()
Aug 13, 2016 4:49:39 PM org.apache.catalina.core.ApplicationContext log
INFO: SessionListener: contextInitialized()
Aug 13, 2016 4:49:39 PM org.apache.catalina.core.ApplicationContext log
INFO: ContextListener: attributeAdded('org.apache.jasper.compiler.TldLocationsCache', 'org.apache.jasper.compiler.TldLocationsCache@3112d83a')
Aug 13, 2016 5:13:44 PM org.apache.catalina.core.ApplicationContext log
INFO: ContextListener: contextInitialized()
Aug 13, 2016 5:13:44 PM org.apache.catalina.core.ApplicationContext log
INFO: SessionListener: contextInitialized()
Aug 13, 2016 5:13:44 PM org.apache.catalina.core.ApplicationContext log
INFO: ContextListener: attributeAdded('org.apache.jasper.compiler.TldLocationsCache', 'org.apache.jasper.compiler.TldLocationsCache@927085f')
Aug 13, 2016 7:09:26 PM org.apache.catalina.core.ApplicationContext log
INFO: ContextListener: contextInitialized()
Aug 13, 2016 7:09:26 PM org.apache.catalina.core.ApplicationContext log
INFO: SessionListener: contextInitialized()
Aug 13, 2016 7:09:26 PM org.apache.catalina.core.ApplicationContext log
INFO: ContextListener: attributeAdded('org.apache.jasper.compiler.TldLocationsCache', 'org.apache.jasper.compiler.TldLocationsCache@152a68e9')
Aug 13, 2016 7:36:37 PM org.apache.catalina.core.ApplicationContext log
INFO: ContextListener: contextInitialized()
Aug 13, 2016 7:36:37 PM org.apache.catalina.core.ApplicationContext log
INFO: SessionListener: contextInitialized()
Aug 13, 2016 7:36:37 PM org.apache.catalina.core.ApplicationContext log
INFO: ContextListener: attributeAdded('org.apache.jasper.compiler.TldLocationsCache', 'org.apache.jasper.compiler.TldLocationsCache@4d61de69')
Aug 13, 2016 7:41:55 PM org.apache.catalina.core.ApplicationContext log
INFO: ContextListener: contextInitialized()
Aug 13, 2016 7:41:55 PM org.apache.catalina.core.ApplicationContext log
INFO: SessionListener: contextInitialized()
Aug 13, 2016 7:41:55 PM org.apache.catalina.core.ApplicationContext log
INFO: ContextListener: attributeAdded('org.apache.jasper.compiler.TldLocationsCache', 'org.apache.jasper.compiler.TldLocationsCache@257ced21')
Aug 13, 2016 8:13:28 PM org.apache.catalina.core.ApplicationContext log
INFO: SessionListener: contextDestroyed()
Aug 13, 2016 8:13:28 PM org.apache.catalina.core.ApplicationContext log
INFO: ContextListener: contextDestroyed()
Aug 13, 2016 8:13:52 PM org.apache.catalina.core.ApplicationContext log
INFO: ContextListener: contextInitialized()
Aug 13, 2016 8:13:52 PM org.apache.catalina.core.ApplicationContext log
INFO: SessionListener: contextInitialized()
Aug 13, 2016 8:13:52 PM org.apache.catalina.core.ApplicationContext log
INFO: ContextListener: attributeAdded('org.apache.jasper.compiler.TldLocationsCache', 'org.apache.jasper.compiler.TldLocationsCache@6cfa447c')
